[2019-07-14 11:29:02.924] [sharedprocess] [info] main {"machineId":"af96e16a8f23f6df48530bb5b079f02b8d1be564426cb2614cff1e91ef0c573f"}
[2019-07-14 11:29:03.181] [sharedprocess] [info] Scanned user extensions: 2
[2019-07-14 11:29:03.359] [sharedprocess] [info] Deleted from disk onecentlin.laravel5-snippets-1.5.0
[2019-07-14 11:29:03.481] [sharedprocess] [info] Scanned system extensions: 70
[2019-07-14 11:29:05.577] [sharedprocess] [info] Scanned user extensions: 2
[2019-07-14 11:29:05.595] [sharedprocess] [info] Scanned user extensions: 2
[2019-07-14 11:29:06.031] [sharedprocess] [info] Scanned system extensions: 70
[2019-07-14 11:29:10.499] [sharedprocess] [info] Scanned user extensions: 2
[2019-07-14 11:29:10.845] [sharedprocess] [info] Scanned user extensions: 2
[2019-07-14 11:29:42.951] [sharedprocess] [info] Starting to clean up unused language packs.
[2019-07-14 11:34:10.896] [sharedprocess] [info] Scanned user extensions: 2
[2019-07-14 11:39:10.911] [sharedprocess] [info] Scanned user extensions: 2
[2019-07-14 11:44:10.929] [sharedprocess] [info] Scanned user extensions: 2
[2019-07-14 11:49:10.967] [sharedprocess] [info] Scanned user extensions: 2
[2019-07-14 11:54:11.002] [sharedprocess] [info] Scanned user extensions: 2
[2019-07-14 11:59:11.058] [sharedprocess] [info] Scanned user extensions: 2
[2019-07-14 12:04:11.080] [sharedprocess] [info] Scanned user extensions: 2
[2019-07-14 12:09:11.095] [sharedprocess] [info] Scanned user extensions: 2
[2019-07-14 12:14:11.168] [sharedprocess] [info] Scanned user extensions: 2
[2019-07-14 12:19:11.189] [sharedprocess] [info] Scanned user extensions: 2
[2019-07-14 12:24:11.293] [sharedprocess] [info] Scanned user extensions: 2
[2019-07-14 12:29:11.937] [sharedprocess] [info] Scanned user extensions: 2
[2019-07-14 12:34:11.957] [sharedprocess] [info] Scanned user extensions: 2
[2019-07-14 12:39:30.343] [sharedprocess] [info] Scanned user extensions: 2
[2019-07-14 12:44:30.371] [sharedprocess] [info] Scanned user extensions: 2
[2019-07-14 12:49:30.390] [sharedprocess] [info] Scanned user extensions: 2
[2019-07-14 12:54:30.423] [sharedprocess] [info] Scanned user extensions: 2
[2019-07-14 12:59:30.454] [sharedprocess] [info] Scanned user extensions: 2
[2019-07-14 13:04:30.480] [sharedprocess] [info] Scanned user extensions: 2
[2019-07-14 13:09:30.516] [sharedprocess] [info] Scanned user extensions: 2
[2019-07-14 13:14:30.545] [sharedprocess] [info] Scanned user extensions: 2
[2019-07-14 13:19:30.616] [sharedprocess] [info] Scanned user extensions: 2
[2019-07-14 13:24:30.635] [sharedprocess] [info] Scanned user extensions: 2
[2019-07-14 13:29:31.408] [sharedprocess] [info] Scanned user extensions: 2
[2019-07-14 13:34:31.431] [sharedprocess] [info] Scanned user extensions: 2
[2019-07-14 13:39:31.446] [sharedprocess] [info] Scanned user extensions: 2
[2019-07-14 13:44:31.463] [sharedprocess] [info] Scanned user extensions: 2
[2019-07-14 13:49:31.483] [sharedprocess] [info] Scanned user extensions: 2
[2019-07-14 13:54:31.495] [sharedprocess] [info] Scanned user extensions: 2
[2019-07-14 13:59:31.507] [sharedprocess] [info] Scanned user extensions: 2
[2019-07-14 14:04:31.521] [sharedprocess] [info] Scanned user extensions: 2
[2019-07-14 14:09:31.537] [sharedprocess] [info] Scanned user extensions: 2
[2019-07-14 14:14:31.550] [sharedprocess] [info] Scanned user extensions: 2
[2019-07-14 14:19:31.562] [sharedprocess] [info] Scanned user extensions: 2
[2019-07-14 14:24:31.617] [sharedprocess] [info] Scanned user extensions: 2
[2019-07-14 14:29:53.707] [sharedprocess] [info] Scanned user extensions: 2
[2019-07-14 14:34:53.735] [sharedprocess] [info] Scanned user extensions: 2
[2019-07-14 14:39:53.767] [sharedprocess] [info] Scanned user extensions: 2
[2019-07-14 14:44:53.793] [sharedprocess] [info] Scanned user extensions: 2
[2019-07-14 14:49:53.821] [sharedprocess] [info] Scanned user extensions: 2
[2019-07-14 14:54:53.846] [sharedprocess] [info] Scanned user extensions: 2
[2019-07-14 14:59:53.864] [sharedprocess] [info] Scanned user extensions: 2
[2019-07-14 15:04:53.879] [sharedprocess] [info] Scanned user extensions: 2
[2019-07-14 15:09:53.922] [sharedprocess] [info] Scanned user extensions: 2
[2019-07-14 15:14:53.952] [sharedprocess] [info] Scanned user extensions: 2
[2019-07-14 15:19:53.987] [sharedprocess] [info] Scanned user extensions: 2
[2019-07-14 15:24:54.019] [sharedprocess] [info] Scanned user extensions: 2
[2019-07-14 15:29:54.674] [sharedprocess] [info] Scanned user extensions: 2
[2019-07-14 15:34:54.706] [sharedprocess] [info] Scanned user extensions: 2
[2019-07-14 15:39:55.141] [sharedprocess] [info] Scanned user extensions: 2
[2019-07-14 15:44:55.810] [sharedprocess] [info] Scanned user extensions: 2
[2019-07-14 15:49:55.846] [sharedprocess] [info] Scanned user extensions: 2
[2019-07-14 15:54:55.889] [sharedprocess] [info] Scanned user extensions: 2
[2019-07-14 15:59:56.035] [sharedprocess] [info] Scanned user extensions: 2
[2019-07-14 16:04:56.296] [sharedprocess] [info] Scanned user extensions: 2
[2019-07-14 16:09:56.591] [sharedprocess] [info] Scanned user extensions: 2
[2019-07-14 16:14:56.625] [sharedprocess] [info] Scanned user extensions: 2
[2019-07-14 16:19:56.894] [sharedprocess] [info] Scanned user extensions: 2
[2019-07-14 16:24:56.929] [sharedprocess] [info] Scanned user extensions: 2
[2019-07-14 16:29:57.596] [sharedprocess] [info] Scanned user extensions: 2
[2019-07-14 16:34:57.614] [sharedprocess] [info] Scanned user extensions: 2
[2019-07-14 16:39:57.633] [sharedprocess] [info] Scanned user extensions: 2
[2019-07-14 16:44:57.651] [sharedprocess] [info] Scanned user extensions: 2
[2019-07-14 16:49:57.686] [sharedprocess] [info] Scanned user extensions: 2
[2019-07-14 16:54:57.708] [sharedprocess] [info] Scanned user extensions: 2
[2019-07-14 16:59:57.735] [sharedprocess] [info] Scanned user extensions: 2
[2019-07-14 17:04:57.751] [sharedprocess] [info] Scanned user extensions: 2
[2019-07-14 17:09:57.832] [sharedprocess] [info] Scanned user extensions: 2
[2019-07-14 17:14:57.879] [sharedprocess] [info] Scanned user extensions: 2
[2019-07-14 17:19:57.908] [sharedprocess] [info] Scanned user extensions: 2
[2019-07-14 17:24:57.944] [sharedprocess] [info] Scanned user extensions: 2
[2019-07-14 17:29:58.749] [sharedprocess] [info] Scanned user extensions: 2
[2019-07-14 17:34:58.786] [sharedprocess] [info] Scanned user extensions: 2
[2019-07-14 17:39:58.888] [sharedprocess] [info] Scanned user extensions: 2
[2019-07-14 17:44:58.922] [sharedprocess] [info] Scanned user extensions: 2
[2019-07-14 17:49:58.947] [sharedprocess] [info] Scanned user extensions: 2
[2019-07-14 17:54:58.995] [sharedprocess] [info] Scanned user extensions: 2
[2019-07-14 17:59:59.031] [sharedprocess] [info] Scanned user extensions: 2
[2019-07-14 18:04:59.273] [sharedprocess] [info] Scanned user extensions: 2
[2019-07-14 18:09:59.337] [sharedprocess] [info] Scanned user extensions: 2
[2019-07-14 18:14:59.366] [sharedprocess] [info] Scanned user extensions: 2
[2019-07-14 18:19:59.407] [sharedprocess] [info] Scanned user extensions: 2
[2019-07-14 18:24:59.441] [sharedprocess] [info] Scanned user extensions: 2
[2019-07-14 18:30:00.133] [sharedprocess] [info] Scanned user extensions: 2
[2019-07-14 18:35:00.176] [sharedprocess] [info] Scanned user extensions: 2
[2019-07-14 18:40:00.212] [sharedprocess] [info] Scanned user extensions: 2
[2019-07-14 18:45:00.235] [sharedprocess] [info] Scanned user extensions: 2
[2019-07-14 18:50:00.272] [sharedprocess] [info] Scanned user extensions: 2
[2019-07-14 18:55:00.308] [sharedprocess] [info] Scanned user extensions: 2
[2019-07-14 19:00:00.320] [sharedprocess] [info] Scanned user extensions: 2
[2019-07-14 19:05:00.338] [sharedprocess] [info] Scanned user extensions: 2
[2019-07-14 19:10:00.367] [sharedprocess] [info] Scanned user extensions: 2
[2019-07-14 19:15:00.389] [sharedprocess] [info] Scanned user extensions: 2
[2019-07-14 19:20:00.435] [sharedprocess] [info] Scanned user extensions: 2
[2019-07-14 19:25:00.479] [sharedprocess] [info] Scanned user extensions: 2
[2019-07-14 19:30:01.172] [sharedprocess] [info] Scanned user extensions: 2
[2019-07-14 19:35:01.214] [sharedprocess] [info] Scanned user extensions: 2
[2019-07-14 19:40:01.241] [sharedprocess] [info] Scanned user extensions: 2
[2019-07-14 19:45:01.269] [sharedprocess] [info] Scanned user extensions: 2
[2019-07-14 19:50:01.338] [sharedprocess] [info] Scanned user extensions: 2
[2019-07-14 19:55:01.358] [sharedprocess] [info] Scanned user extensions: 2
[2019-07-14 20:00:01.384] [sharedprocess] [info] Scanned user extensions: 2
[2019-07-14 20:05:01.397] [sharedprocess] [info] Scanned user extensions: 2
[2019-07-14 20:10:01.411] [sharedprocess] [info] Scanned user extensions: 2
[2019-07-14 20:15:01.425] [sharedprocess] [info] Scanned user extensions: 2
[2019-07-14 20:20:01.478] [sharedprocess] [info] Scanned user extensions: 2
[2019-07-14 20:25:01.524] [sharedprocess] [info] Scanned user extensions: 2
[2019-07-14 20:30:02.383] [sharedprocess] [info] Scanned user extensions: 2
[2019-07-14 20:35:02.412] [sharedprocess] [info] Scanned user extensions: 2
[2019-07-14 20:40:02.598] [sharedprocess] [info] Scanned user extensions: 2
[2019-07-14 20:45:02.662] [sharedprocess] [info] Scanned user extensions: 2
[2019-07-14 20:50:02.716] [sharedprocess] [info] Scanned user extensions: 2
[2019-07-14 20:55:02.758] [sharedprocess] [info] Scanned user extensions: 2
[2019-07-14 21:00:02.808] [sharedprocess] [info] Scanned user extensions: 2
[2019-07-14 21:05:02.840] [sharedprocess] [info] Scanned user extensions: 2
[2019-07-14 21:10:02.884] [sharedprocess] [info] Scanned user extensions: 2
[2019-07-14 21:15:02.921] [sharedprocess] [info] Scanned user extensions: 2
[2019-07-14 21:20:02.976] [sharedprocess] [info] Scanned user extensions: 2
[2019-07-14 21:25:03.008] [sharedprocess] [info] Scanned user extensions: 2
[2019-07-14 21:30:03.756] [sharedprocess] [info] Scanned user extensions: 2
[2019-07-14 21:35:03.777] [sharedprocess] [info] Scanned user extensions: 2
[2019-07-14 21:40:03.800] [sharedprocess] [info] Scanned user extensions: 2
[2019-07-14 21:45:03.998] [sharedprocess] [info] Scanned user extensions: 2
[2019-07-14 21:50:04.107] [sharedprocess] [info] Scanned user extensions: 2
[2019-07-14 21:55:04.139] [sharedprocess] [info] Scanned user extensions: 2
[2019-07-14 22:00:04.177] [sharedprocess] [info] Scanned user extensions: 2
[2019-07-14 22:05:04.220] [sharedprocess] [info] Scanned user extensions: 2
[2019-07-14 22:10:04.246] [sharedprocess] [info] Scanned user extensions: 2
[2019-07-14 22:15:04.279] [sharedprocess] [info] Scanned user extensions: 2
[2019-07-14 22:20:04.763] [sharedprocess] [info] Scanned user extensions: 2
[2019-07-14 22:25:04.854] [sharedprocess] [info] Scanned user extensions: 2
[2019-07-14 22:30:07.380] [sharedprocess] [info] Scanned user extensions: 2
[2019-07-14 22:35:07.424] [sharedprocess] [info] Scanned user extensions: 2
[2019-07-14 22:40:07.455] [sharedprocess] [info] Scanned user extensions: 2
[2019-07-14 22:45:07.472] [sharedprocess] [info] Scanned user extensions: 2
[2019-07-14 22:50:07.497] [sharedprocess] [info] Scanned user extensions: 2
[2019-07-14 22:55:07.518] [sharedprocess] [info] Scanned user extensions: 2
[2019-07-14 23:00:07.538] [sharedprocess] [info] Scanned user extensions: 2
[2019-07-14 23:05:07.555] [sharedprocess] [info] Scanned user extensions: 2
