Buscando git en: git
Usando GIT 2.7.4 desde git
> git rev-parse --show-toplevel
> git config --get commit.template
Open repository: /var/www/html/comeQR
> git status -z -u
> git symbolic-ref --short HEAD
> git rev-parse master
> git rev-parse --symbolic-full-name master@{u}
> git rev-list --left-right master...refs/remotes/origin/master
> git for-each-ref --format %(refname) %(objectname) --sort -committerdate
> git remote --verbose
> git show :routes/api.php
> git check-ignore -z --stdin
> git status -z -u
> git show :routes/api.php
> git symbolic-ref --short HEAD
> git rev-parse master
> git rev-parse --symbolic-full-name master@{u}
> git rev-list --left-right master...refs/remotes/origin/master
> git for-each-ref --format %(refname) %(objectname) --sort -committerdate
> git remote --verbose
> git status -z -u
> git symbolic-ref --short HEAD
> git rev-parse master
> git rev-parse --symbolic-full-name master@{u}
> git rev-list --left-right master...refs/remotes/origin/master
> git for-each-ref --format %(refname) %(objectname) --sort -committerdate
> git remote --verbose
> git status -z -u
> git symbolic-ref --short HEAD
> git rev-parse master
> git rev-parse --symbolic-full-name master@{u}
> git rev-list --left-right master...refs/remotes/origin/master
> git for-each-ref --format %(refname) %(objectname) --sort -committerdate
> git remote --verbose
> git check-ignore -z --stdin
> git check-ignore -z --stdin
> git check-ignore -z --stdin
> git check-ignore -z --stdin
> git check-ignore -z --stdin
> git check-ignore -z --stdin
> git check-ignore -z --stdin
> git show :app/Invitado.php
> git check-ignore -z --stdin
> git show :app/Http/Controllers/InvitadoController.php
> git show :app/User.php
> git show :routes/api.php
> git show :app/Http/Kernel.php
> git show :app/Rol.php
> git show :app/Invitado.php
> git show :app/Http/Controllers/APILoginController.php
> git show :app/Invitado.php
> git show :app/Http/Controllers/InvitadoController.php
> git show :app/Http/Kernel.php
> git check-ignore -z --stdin
> git check-ignore -z --stdin
> git check-ignore -z --stdin
> git check-ignore -z --stdin
> git check-ignore -z --stdin
> git check-ignore -z --stdin
> git show :config/app.php
> git check-ignore -z --stdin
> git check-ignore -z --stdin
> git check-ignore -z --stdin
> git check-ignore -z --stdin
> git show :vendor/barryvdh/laravel-cors/config/cors.php
> git show :config/app.php
> git show :routes/api.php
> git show :config/app.php
> git show :app/User.php
> git show :app/Rol.php
> git show :app/Invitado.php
> git show :app/Http/Controllers/InvitadoController.php
> git show :app/Invitado.php
> git show :app/Http/Controllers/InvitadoController.php
