Buscando git en: git
Usando GIT 2.7.4 desde git
> git rev-parse --show-toplevel
> git config --get commit.template
Open repository: /var/www/html/comeQR
> git status -z -u
> git symbolic-ref --short HEAD
> git rev-parse master
> git rev-parse --symbolic-full-name master@{u}
> git rev-list --left-right master...refs/remotes/origin/master
> git for-each-ref --format %(refname) %(objectname) --sort -committerdate
> git remote --verbose
> git show :app/Http/Controllers/Auth/LoginController.php
> git check-ignore -z --stdin
> git show :app/Http/Controllers/Auth/LoginController.php
> git status -z -u
> git symbolic-ref --short HEAD
> git rev-parse master
> git rev-parse --symbolic-full-name master@{u}
> git rev-list --left-right master...refs/remotes/origin/master
> git for-each-ref --format %(refname) %(objectname) --sort -committerdate
> git remote --verbose
> git status -z -u
> git symbolic-ref --short HEAD
> git rev-parse master
> git rev-parse --symbolic-full-name master@{u}
> git rev-list --left-right master...refs/remotes/origin/master
> git for-each-ref --format %(refname) %(objectname) --sort -committerdate
> git remote --verbose
> git check-ignore -z --stdin
> git check-ignore -z --stdin
> git show :vendor/laravel/framework/src/Illuminate/Foundation/Auth/RegistersUsers.php
> git show :app/Http/Controllers/Auth/LoginController.php
> git show :app/Http/Controllers/Auth/ForgotPasswordController.php
> git show :app/Http/Controllers/Auth/LoginController.php
> git show :app/Http/Controllers/Auth/RegisterController.php
> git show :app/Http/Controllers/Auth/ResetPasswordController.php
> git show :app/Http/Controllers/Auth/LoginController.php
> git show :app/Http/Controllers/Auth/RegisterController.php
> git show :resources/views/home.blade.php
> git check-ignore -z --stdin
> git check-ignore -z --stdin
> git show :resources/views/auth/passwords/email.blade.php
> git show :resources/views/home.blade.php
> git show :app/Invitado.php
> git show :resources/views/home.blade.php
> git show :app/Http/Controllers/Auth/RegisterController.php
> git show :app/Http/Controllers/InvitadoController.php
> git show :app/Http/Controllers/Auth/RegisterController.php
> git show :resources/views/home.blade.php
> git show :resources/views/auth/verify.blade.php
> git show :resources/views/home.blade.php
> git show :resources/views/layouts/app.blade.php
> git show :resources/views/welcome.blade.php
> git show :resources/views/auth/register.blade.php
> git show :resources/views/auth/register.blade.1.php
> git check-ignore -z --stdin
> git show :resources/views/auth/registerResidente.blade..php
> git check-ignore -z --stdin
> git show :resources/views/auth/register.blade.php
> git show :resources/views/auth/registerResidente.blade..php
> git show :routes/web.php
> git show :resources/views/home.blade.php
> git show :resources/views/auth/registerResidente.blade..php
> git show :resources/views/auth/register.blade.php
> git show :resources/views/auth/registerResidente.blade..php
> git show :resources/views/welcome.blade.php
> git show :routes/web.php
> git show :resources/views/auth/register.blade.php
> git check-ignore -z --stdin
> git show :routes/web.php
> git show :resources/views/auth/register.blade.1.php
> git show :resources/views/auth/registerGuardia.blade.php
> git check-ignore -z --stdin
> git show :routes/web.php
> git show :resources/views/layouts/app.blade.php
> git show :routes/web.php
> git show :resources/views/auth/register.blade.php
> git show :resources/views/auth/registerGuardia.blade.php
> git show :resources/views/auth/registerResidente.blade.php
> git show :resources/views/auth/registerGuardia.blade.php
> git show :resources/views/auth/register.blade.php
> git show :resources/views/auth/registerResidente.blade.php
> git show :resources/views/layouts/app.blade.php
> git show :routes/web.php
> git show :resources/views/layouts/app.blade.php
> git show :routes/web.php
> git show :resources/views/auth/register.blade.php
> git show :resources/views/auth/registerResidente.blade.php
> git show :resources/views/layouts/app.blade.php
> git show :resources/views/auth/register.blade.php
> git show :resources/views/auth/registerGuardia.blade.php
> git show :resources/views/auth/registerResidente.blade.php
> git show :resources/views/auth/registerGuardia.blade.php
> git show :resources/views/auth/registerResidente.blade.php
> git show :resources/views/auth/registerGuardia.blade.php
> git show :resources/views/auth/register.blade.php
> git show :resources/views/auth/registerResidente.blade.php
