Buscando git en: git
Usando GIT 2.7.4 desde git
> git rev-parse --show-toplevel
> git config --get commit.template
Open repository: /var/www/html/comeQR
> git status -z -u
> git symbolic-ref --short HEAD
> git rev-parse master
> git rev-parse --symbolic-full-name master@{u}
> git rev-list --left-right master...refs/remotes/origin/master
> git for-each-ref --format %(refname) %(objectname) --sort -committerdate
> git remote --verbose
> git show :app/Invitado.php
> git check-ignore -z --stdin
> git show :app/Invitado.php
> git status -z -u
> git symbolic-ref --short HEAD
> git rev-parse master
> git rev-parse --symbolic-full-name master@{u}
> git rev-list --left-right master...refs/remotes/origin/master
> git for-each-ref --format %(refname) %(objectname) --sort -committerdate
> git remote --verbose
> git status -z -u
> git symbolic-ref --short HEAD
> git rev-parse master
> git rev-parse --symbolic-full-name master@{u}
> git rev-list --left-right master...refs/remotes/origin/master
> git for-each-ref --format %(refname) %(objectname) --sort -committerdate
> git remote --verbose
> git show :app/Http/Controllers/InvitationController.php
> git status -z -u
> git symbolic-ref --short HEAD
> git rev-parse master
> git rev-parse --symbolic-full-name master@{u}
> git rev-list --left-right master...refs/remotes/origin/master
> git for-each-ref --format %(refname) %(objectname) --sort -committerdate
> git remote --verbose
> git show :app/Invitation.php
> git check-ignore -z --stdin
> git check-ignore -z --stdin
> git check-ignore -z --stdin
> git check-ignore -z --stdin
> git check-ignore -z --stdin
> git show :database/migrations/2019_07_14_063927_create_invitations_table.php
> git show :app/Http/Controllers/InvitationController.php
> git show :app/Http/Controllers/InvitadoController.php
> git show :app/Http/Controllers/InvitationController.php
> git show :app/Invitation.php
> git show :app/Http/Controllers/InvitadoController.php
> git show :app/Invitado.php
> git show :app/Invitation.php
> git show :app/Http/Controllers/InvitationController.php
> git show :routes/api.php
> git show :app/Invitation.php
> git show :routes/api.php
> git show :app/Http/Controllers/InvitationController.php
> git show :app/Http/Controllers/CasaController.php
> git show :app/Invitation.php
> git show :app/Http/Controllers/InvitationController.php
> git show :app/Invitation.php
> git show :app/Http/Controllers/InvitationController.php
> git show :app/Invitation.php
> git show :app/Http/Controllers/InvitationController.php
> git show :database/migrations/2019_07_14_063927_create_invitations_table.php
> git show :app/Http/Controllers/InvitationController.php
> git show :app/Http/Controllers/CasaController.php
> git show :app/Http/Controllers/InvitationController.php
> git show :app/Invitation.php
> git show :app/Http/Controllers/InvitationController.php
> git show :app/Http/Controllers/InvitadoController.php
> git show :app/Http/Controllers/InvitationController.php
> git show :app/Http/Controllers/InvitadoController.php
> git show :app/Http/Controllers/InvitationController.php
> git show :app/Invitado.php
> git show :app/Http/Controllers/InvitadoController.php
> git show :app/Http/Controllers/InvitationController.php
> git show :app/Invitado.php
> git check-ignore -z --stdin
> git show :app/Http/Controllers/InvitadoController.php
> git show :app/Http/Controllers/CasaController.php
> git show :routes/api.php
> git show :app/Http/Controllers/InvitationController.php
> git check-ignore -z --stdin
> git show :config/app.php
> git show :routes/api.php
> git show :app/Http/Controllers/InvitadoController.php
> git show :routes/api.php
> git show :app/Http/Controllers/InvitadoController.php
> git show :app/Http/Controllers/InvitationController.php
> git show :routes/api.php
> git show :app/Http/Controllers/InvitationController.php
> git show :app/Http/Controllers/InvitadoController.php
> git show :app/Invitado.php
> git show :app/Http/Controllers/CasaController.php
> git show :app/Http/Controllers/InvitationController.php
> git show :app/Invitado.php
> git show :app/Http/Controllers/InvitadoController.php
> git show :app/Http/Controllers/InvitationController.php
> git show :app/Invitado.php
> git show :app/Invitation.php
> git show :app/Http/Controllers/InvitationController.php
> git show :app/Invitation.php
> git show :routes/api.php
> git show :app/Http/Controllers/InvitationController.php
> git show :routes/api.php
> git show :app/Http/Controllers/InvitationController.php
> git show :routes/api.php
> git show :app/Http/Controllers/InvitationController.php
> git show :app/Http/Controllers/InvitadoController.php
> git show :app/Http/Controllers/InvitationController.php
> git show :app/Invitation.php
> git check-ignore -z --stdin
> git show :routes/web.php
> git show :app/Http/Controllers/APIRegisterController.php
> git show :app/Http/Controllers/Auth/LoginController.php
> git show :app/Http/Controllers/Auth/ForgotPasswordController.php
> git show :app/Http/Controllers/Auth/ResetPasswordController.php
> git show :app/Http/Controllers/Auth/VerificationController.php
> git show :routes/web.php
> git show :app/Http/Controllers/Auth/LoginController.php
> git show :app/Http/Controllers/Auth/RegisterController.php
> git show :app/Http/Controllers/Auth/LoginController.php
> git show :app/Http/Controllers/Auth/ForgotPasswordController.php
> git show :app/Http/Controllers/Auth/VerificationController.php
> git show :app/Http/Controllers/Auth/RegisterController.php
> git check-ignore -z --stdin
> git check-ignore -z --stdin
> git check-ignore -z --stdin
> git check-ignore -z --stdin
> git show :resources/views/welcome.blade.php
> git show :routes/web.php
> git show :resources/views/welcome.blade.php
> git show :routes/web.php
> git show :resources/views/welcome.blade.php
> git check-ignore -z --stdin
> git show :resources/views/auth/login.blade.php
> git show :resources/views/auth/register.blade.php
> git show :resources/views/auth/verify.blade.php
> git show :resources/views/layouts/app.blade.php
> git show :resources/views/auth/login.blade.php
> git show :resources/views/layouts/app.blade.php
> git show :config/app.php
> git show :.env
> git show :config/app.php
> git show :app/Http/Controllers/InvitadoController.php
> git show :config/app.php
> git show :resources/views/welcome.blade.php
> git show :routes/api.php
> git show :resources/views/welcome.blade.php
> git show :app/Rol.php
> git show :resources/views/welcome.blade.php
> git show :config/app.php
> git show :resources/views/welcome.blade.php
> git show :resources/views/layouts/app.blade.php
> git show :app/Http/Controllers/CasaController.php
> git show :app/Http/Controllers/InvitationController.php
> git show :app/Http/Controllers/CasaController.php
> git show :app/Casa.php
> git show :app/Http/Controllers/CasaController.php
> git show :resources/views/layouts/app.blade.php
> git show :resources/views/welcome.blade.php
> git show :resources/views/auth/login.blade.php
> git show :resources/views/auth/register.blade.php
> git show :resources/views/home.blade.php
