Buscando git en: git
Usando GIT 2.7.4 desde git
> git rev-parse --show-toplevel
> git config --get commit.template
Open repository: /var/www/html/comeQR
> git status -z -u
> git symbolic-ref --short HEAD
> git rev-parse master
> git rev-parse --symbolic-full-name master@{u}
> git rev-list --left-right master...refs/remotes/origin/master
> git for-each-ref --format %(refname) %(objectname) --sort -committerdate
> git remote --verbose
> git show :resources/views/casa/casaindex.blade.php
> git check-ignore -z --stdin
> git show :resources/views/casa/casaindex.blade.php
> git status -z -u
> git symbolic-ref --short HEAD
> git rev-parse master
> git rev-parse --symbolic-full-name master@{u}
> git rev-list --left-right master...refs/remotes/origin/master
> git for-each-ref --format %(refname) %(objectname) --sort -committerdate
> git remote --verbose
> git status -z -u
> git symbolic-ref --short HEAD
> git rev-parse master
> git rev-parse --symbolic-full-name master@{u}
> git rev-list --left-right master...refs/remotes/origin/master
> git for-each-ref --format %(refname) %(objectname) --sort -committerdate
> git remote --verbose
> git show :app/Casa.php
> git check-ignore -z --stdin
> git show :resources/views/casa/casaindex.blade.php
> git show :resources/views/casa/casaedit.blade.php
> git show :resources/views/casa/casacreate.blade.php
> git show :resources/views/casa/casashow.blade.php
> git show :resources/views/casa/casaindex.blade.php
> git show :resources/views/casa/casaedit.blade.php
> git show :resources/views/casa/casacreate.blade.php
> git show :resources/views/casa/casaedit.blade.php
> git show :resources/views/casa/casaindex.blade.php
> git show :resources/views/casa/casacreate.blade.php
> git show :resources/views/casa/casaedit.blade.php
> git check-ignore -z --stdin
> git check-ignore -z --stdin
> git check-ignore -z --stdin
> git show :routes/web.php
> git check-ignore -z --stdin
> git show :app/Http/Controllers/Controller.php
> git show :app/Http/Controllers/CasaController.php
> git show :routes/web.php
> git show :app/Http/Controllers/CasaController.php
> git show :app/Http/Controllers/Auth/LoginController.php
> git show :app/Http/Controllers/Auth/RegisterController.php
> git show :app/Http/Controllers/Auth/LoginController.php
> git show :routes/web.php
> git show :resources/views/auth/register.blade.php
> git show :app/Http/Controllers/CasaController.php
> git show :resources/views/casa/casaedit.blade.php
> git show :app/Http/Controllers/CasaController.php
> git show :resources/views/casa/casaedit.blade.php
> git show :resources/views/layouts/app.blade.php
> git show :resources/views/casa/casaedit.blade.php
> git show :resources/views/casa/casaindex.blade.php
> git show :resources/views/casa/casaedit.blade.php
> git show :resources/views/casa/casacreate.blade.php
> git show :resources/views/casa/casaindex.blade.php
> git show :resources/views/casa/casaedit.blade.php
> git show :resources/views/casa/casaindex.blade.php
> git show :resources/views/casa/casaedit.blade.php
> git show :resources/views/casa/casacreate.blade.php
> git show :resources/views/casa/casaindex.blade.php
> git show :resources/views/casa/casaedit.blade.php
> git show :resources/views/casa/casaindex.blade.php
> git show :resources/views/casa/casaedit.blade.php
> git show :resources/views/casa/casacreate.blade.php
> git show :resources/views/casa/casaindex.blade.php
> git show :resources/views/casa/casaedit.blade.php
> git show :routes/web.php
> git show :app/Http/Controllers/CasaController.php
> git show :resources/views/casa/casaedit.blade.php
> git show :app/Http/Controllers/CasaController.php
> git check-ignore -z --stdin
> git show :resources/views/casa.1/casacreate.blade.php
> git show :app/Http/Controllers/CasaController.php
> git show :app/Http/Controllers/UserController.php
> git show :app/Http/Controllers/CasaController.php
> git check-ignore -z --stdin
> git show :app/Http/Controllers/UserResidenteController.php
> git show :app/Http/Controllers/RolController.php
> git show :app/Http/Controllers/UserResidenteController.php
> git show :app/Http/Controllers/CasaController.php
> git show :app/Http/Controllers/UserResidenteController.php
> git show :app/Http/Controllers/CasaController.php
> git show :app/Http/Controllers/UserResidenteController.php
> git show :app/Http/Controllers/CasaController.php
> git show :app/Http/Controllers/RolController.php
> git show :app/Http/Controllers/UserResidenteController.php
> git show :app/Http/Controllers/RolController.php
> git show :app/Http/Controllers/InvitationController.php
> git show :app/Http/Controllers/InvitadoController.php
> git show :app/Http/Controllers/Auth/RegisterController.php
> git show :app/Http/Controllers/Auth/LoginController.php
> git show :app/Http/Controllers/Auth/RegisterController.php
> git show :vendor/laravel/framework/src/Illuminate/Foundation/Auth/RegistersUsers.php
> git show :vendor/laravel/framework/src/Illuminate/Foundation/Auth/RedirectsUsers.php
> git show :vendor/laravel/framework/src/Illuminate/Foundation/Auth/RegistersUsers.php
> git show :resources/views/auth/registerResidente.blade.php
> git show :resources/views/auth/registerGuardia.blade.php
> git show :resources/views/auth/register.blade.php
> git show :resources/views/auth/registerGuardia.blade.php
> git show :resources/views/auth/registerResidente.blade.php
> git show :app/Http/Controllers/CasaController.php
> git show :app/Http/Controllers/UserResidenteController.php
> git show :app/Http/Controllers/CasaController.php
> git show :app/Http/Controllers/RolController.php
> git show :app/Http/Controllers/InvitationController.php
> git show :app/Http/Controllers/RolController.php
> git show :app/Http/Controllers/InvitationController.php
> git show :app/Http/Controllers/InvitadoController.php
> git show :app/Http/Controllers/Auth/RegisterController.php
> git show :app/Http/Controllers/Auth/LoginController.php
> git show :resources/views/auth/registerGuardia.blade.php
> git show :resources/views/auth/register.blade.php
> git show :resources/views/auth/registerResidente.blade.php
> git show :app/Http/Kernel.php
> git show :app/Casa.php
> git check-ignore -z --stdin
> git show :app/Http/Controllers/RolController.php
> git show :app/Http/Controllers/InvitationController.php
> git show :app/Http/Controllers/InvitadoController.php
> git show :app/Frecuencia.php
> git show :app/Ingreso.php
> git show :app/Invitado.php
> git show :app/Invitation.php
> git check-ignore -z --stdin
> git show :app/User.php
> git show :app/Rol.php
> git show :app/Invitation.php
> git show :app/Invitado.php
> git show :app/Frecuencia.php
> git show :app/Http/Controllers/Auth/RegisterController.php
> git show :resources/views/auth/register.blade.php
> git check-ignore -z --stdin
> git show :resources/views/casa/casaindex.blade.php
> git show :resources/views/casa/casaedit.blade.php
> git show :resources/views/casa/casacreate.blade.php
> git show :resources/views/casa/casashow.blade.php
> git show :app/Http/Controllers/UserResidenteController.php
> git show :app/Http/Controllers/CasaController.php
> git show :app/Http/Controllers/UserResidenteController.php
> git show :app/Http/Controllers/CasaController.php
> git show :app/Http/Controllers/UserResidenteController.php
> git show :app/Http/Controllers/CasaController.php
> git show :app/Http/Controllers/UserResidenteController.php
> git show :app/Http/Controllers/CasaController.php
> git show :app/Http/Controllers/UserResidenteController.php
> git show :app/Http/Controllers/CasaController.php
> git show :app/Http/Controllers/APIRegisterController.php
> git show :app/Http/Controllers/HomeController.php
> git show :app/Http/Controllers/InvitadoController.php
> git show :app/Http/Controllers/InvitationController.php
> git show :app/Http/Controllers/RolController.php
> git show :app/Http/Controllers/FrecuenciaController.php
> git show :app/Http/Controllers/Controller.php
> git show :app/Http/Controllers/CasaController.php
> git show :app/Http/Controllers/UserResidenteController.php
> git show :app/Http/Controllers/InvitadoController.php
> git show :app/Http/Controllers/UserResidenteController.php
> git show :app/Http/Controllers/InvitationController.php
> git show :app/Http/Controllers/UserResidenteController.php
> git check-ignore -z --stdin
> git check-ignore -z --stdin
> git show :database/migrations/2014_10_12_000000_create_users_table.php
> git show :app/Http/Controllers/Auth/RegisterController.php
> git show :app/Http/Controllers/UserResidenteController.php
> git show :app/Http/Controllers/CasaController.php
> git show :app/Http/Controllers/UserResidenteController.php
> git show :app/Http/Controllers/CasaController.php
> git show :app/Http/Controllers/UserResidenteController.php
> git show :app/Http/Controllers/CasaController.php
> git show :app/Http/Controllers/UserResidenteController.php
> git show :routes/web.php
> git show :app/Http/Controllers/UserResidenteController.php
> git check-ignore -z --stdin
> git show :resources/views/residente/create.blade.php
> git check-ignore -z --stdin
> git show :resources/views/residente/index.blade.php
> git check-ignore -z --stdin
> git show :resources/views/residente/edit.blade.php
> git check-ignore -z --stdin
> git show :resources/views/residente/create.blade.php
> git check-ignore -z --stdin
> git show :resources/views/casa.2/casacreate.blade.php
> git show :resources/views/residente/create.blade.php
> git show :resources/views/residente/edit.blade.php
> git show :resources/views/residente/index.blade.php
> git show :resources/views/residente/create.blade.php
> git show :resources/views/casa/casacreate.blade.php
> git show :resources/views/casa/casaindex.blade.php
> git show :resources/views/residente/index.blade.php
> git show :app/Http/Controllers/UserResidenteController.php
> git show :resources/views/residente/create.blade.php
> git show :resources/views/residente/edit.blade.php
> git show :resources/views/residente/index.blade.php
> git show :resources/views/casa/casaedit.blade.php
> git show :resources/views/casa/casacreate.blade.php
> git show :resources/views/residente/create.blade.php
> git show :resources/views/residente/edit.blade.php
> git show :resources/views/residente/index.blade.php
> git show :routes/web.php
> git show :resources/views/residente/edit.blade.php
> git show :resources/views/residente/index.blade.php
> git show :app/Http/Controllers/UserResidenteController.php
> git show :resources/views/residente/index.blade.php
> git show :app/Http/Controllers/UserResidenteController.php
> git show :resources/views/residente/create.blade.php
> git show :resources/views/residente/index.blade.php
> git show :resources/views/home.blade.php
> git show :resources/views/residente/create.blade.php
> git show :app/Http/Controllers/UserResidenteController.php
> git show :app/Http/Controllers/Auth/RegisterController.php
> git show :app/Http/Controllers/Auth/LoginController.php
> git show :app/Http/Controllers/CasaController.php
> git show :app/Http/Controllers/RolController.php
> git show :app/Http/Controllers/UserResidenteController.php
> git show :resources/views/casa/casacreate.blade.php
> git show :resources/views/residente/create.blade.php
> git show :app/Http/Controllers/Auth/RegisterController.php
> git show :resources/views/auth/register.blade.php
> git show :resources/views/residente/create.blade.php
> git show :resources/views/casa/casacreate.blade.php
> git show :resources/views/home.blade.php
> git show :resources/views/residente/edit.blade.php
> git show :resources/views/residente/index.blade.php
> git show :resources/views/residente/edit.blade.php
> git show :resources/views/residente/create.blade.php
> git check-ignore -z --stdin
> git show :routes/web.php
> git show :resources/views/casa/casaindex.blade.php
> git show :resources/views/residente/index.blade.php
> git show :resources/views/residente/create.blade.php
> git show :resources/views/casa/casacreate.blade.php
> git show :resources/views/residente/create.blade.php
> git show :routes/web.php
> git show :app/Http/Controllers/UserResidenteController.php
> git show :app/Http/Controllers/Auth/RegisterController.php
> git show :app/Http/Controllers/UserResidenteController.php
> git show :app/Http/Controllers/Auth/RegisterController.php
> git show :app/Http/Controllers/InvitationController.php
> git show :app/Http/Controllers/UserResidenteController.php
> git show :app/Http/Controllers/Auth/RegisterController.php
> git show :app/Http/Controllers/UserResidenteController.php
> git show :app/Http/Controllers/Auth/RegisterController.php
> git show :app/Http/Controllers/UserResidenteController.php
> git show :resources/views/residente/create.blade.php
> git show :app/Http/Controllers/Auth/RegisterController.php
> git show :app/Http/Controllers/UserResidenteController.php
> git show :app/User.php
> git show :resources/views/residente/create.blade.php
> git show :app/User.php
> git show :app/Http/Controllers/UserResidenteController.php
> git show :app/User.php
> git show :resources/views/residente/index.blade.php
> git show :resources/views/residente/create.blade.php
> git show :resources/views/residente/index.blade.php
> git show :routes/web.php
> git show :resources/views/residente/index.blade.php
> git show :routes/web.php
> git show :resources/views/auth/registerResidente.blade.php
> git show :app/Http/Controllers/UserResidenteController.php
> git show :resources/views/residente/edit.blade.php
> git show :resources/views/residente/create.blade.php
> git show :resources/views/residente/edit.blade.php
> git show :resources/views/residente/create.blade.php
> git show :resources/views/residente/edit.blade.php
> git show :routes/web.php
> git show :app/Http/Controllers/UserResidenteController.php
> git show :resources/views/casa/casaedit.blade.php
> git show :resources/views/residente/edit.blade.php
> git show :resources/views/casa/casacreate.blade.php
> git show :resources/views/casa/casaedit.blade.php
> git show :resources/views/home.blade.php
> git show :resources/views/residente/index.blade.php
> git show :resources/views/home.blade.php
> git show :resources/views/residente/edit.blade.php
> git show :resources/views/casa/casaedit.blade.php
> git show :resources/views/residente/index.blade.php
> git show :resources/views/residente/edit.blade.php
> git show :resources/views/residente/index.blade.php
> git show :app/Http/Controllers/UserResidenteController.php
> git show :resources/views/residente/edit.blade.php
> git show :routes/web.php
> git show :resources/views/residente/edit.blade.php
> git show :routes/web.php
> git show :routes/console.php
> git show :resources/views/residente/edit.blade.php
> git check-ignore -z --stdin
> git show :resources/views/residente/index.blade.php
> git show :resources/views/residente/create.blade.php
> git show :resources/views/reportes/index.blade.php
> git check-ignore -z --stdin
> git show :app/Http/Controllers/InvitationController.php
> git show :app/Http/Controllers/CasaController.php
> git show :app/Http/Controllers/InvitationController.php
> git check-ignore -z --stdin
> git show :routes/web.php
> git show :app/Http/Controllers/InvitationController.php
> git show :resources/views/reportes/invindex.blade.php
> git show :resources/views/layouts/app.blade.php
> git show :resources/views/reportes/invindex.blade.php
> git show :resources/views/home.blade.php
> git show :resources/views/residente/edit.blade.php
> git show :resources/views/residente/index.blade.php
> git show :resources/views/residente/edit.blade.php
> git show :resources/views/residente/create.blade.php
> git show :resources/views/reportes/invindex.blade.php
> git show :resources/views/residente/edit.blade.php
> git show :resources/views/reportes/invindex.blade.php
> git show :routes/web.php
> git show :app/Http/Controllers/InvitationController.php
> git show :routes/web.php
> git show :app/Http/Controllers/UserResidenteController.php
> git show :app/Http/Controllers/InvitadoController.php
> git show :app/Http/Controllers/InvitationController.php
> git show :routes/web.php
> git show :resources/views/residente/create.blade.php
> git show :resources/views/reportes/invindex.blade.php
> git show :resources/views/layouts/app.blade.php
> git show :resources/views/auth/register.blade.php
> git show :resources/views/casa/casacreate.blade.php
> git show :resources/views/reportes/invindex.blade.php
> git check-ignore -z --stdin
> git show :resources/views/layouts/app.blade.php
> git show :resources/views/reportes/invindex.blade.php
> git show :resources/views/casa/casacreate.blade.php
> git show :resources/views/reportes/invindex.blade.php
> git show :resources/views/layouts/app.blade.php
> git show :app/Http/Controllers/Auth/RegisterController.php
> git show :resources/views/casa/casaindex.blade.php
> git show :app/Http/Controllers/CasaController.php
> git show :resources/views/casa/casaindex.blade.php
> git show :app/Http/Controllers/Auth/RegisterController.php
> git show :app/Http/Controllers/APIRegisterController.php
> git show :app/Http/Controllers/APILoginController.php
> git show :app/Http/Controllers/InvitationController.php
> git show :resources/views/reportes/invindex.blade.php
> git show :resources/views/casa/casacreate.blade.php
> git show :resources/views/reportes/invindex.blade.php
> git show :resources/views/casa/casacreate.blade.php
> git show :resources/views/reportes/invindex.blade.php
> git show :app/Http/Controllers/InvitationController.php
> git show :resources/views/reportes/invindex.blade.php
> git show :app/Http/Controllers/InvitationController.php
> git show :routes/web.php
> git show :resources/views/reportes/invindex.blade.php
> git show :routes/web.php
> git show :routes/console.php
> git show :routes/channels.php
> git show :routes/api.php
> git show :resources/views/welcome.blade.php
> git show :resources/views/home.blade.php
> git show :resources/views/reportes/invindex.blade.php
> git show :resources/views/layouts/app.blade.php
> git show :resources/views/reportes/invindex.blade.php
> git show :app/Http/Controllers/InvitadoController.php
> git show :app/Http/Controllers/InvitationController.php
> git show :routes/web.php
> git check-ignore -z --stdin
> git show :resources/views/reportes/invindex.blade.php
> git show :app/Http/Controllers/InvitationController.php
> git show :routes/web.php
> git show :resources/views/reportes/invindex.blade.php
> git show :app/Http/Controllers/InvitationController.php
> git show :resources/views/auth/register.blade.php
> git show :resources/views/reportes/invindex.blade.php
> git show :app/Http/Controllers/InvitationController.php
> git show :app/Http/Controllers/UserResidenteController.php
> git show :resources/views/auth/registerResidente.blade.php
> git show :resources/views/home.blade.php
> git show :resources/views/reportes/invindex.blade.php
> git show :resources/views/casa/casaedit.blade.php
> git show :resources/views/casa/casacreate.blade.php
> git show :resources/views/residente/create.blade.php
> git show :resources/views/reportes/invindex.blade.php
> git show :app/Http/Controllers/InvitationController.php
> git show :resources/views/reportes/invindex.blade.php
> git show :app/Http/Controllers/InvitationController.php
> git show :resources/views/residente/create.blade.php
> git show :app/User.php
> git show :app/Http/Controllers/UserResidenteController.php
> git show :resources/views/casa/casashow.blade.php
> git show :app/Http/Controllers/UserResidenteController.php
> git show :resources/views/residente/index.blade.php
> git show :resources/views/reportes/invindex.blade.php
> git show :resources/views/residente/create.blade.php
> git show :resources/views/home.blade.php
> git show :resources/views/residente/index.blade.php
> git show :resources/views/reportes/invindex.blade.php
> git show :resources/views/home.blade.php
> git show :resources/views/residente/index.blade.php
> git show :resources/views/reportes/invindex.blade.php
> git show :resources/views/residente/index.blade.php
> git show :resources/views/residente/edit.blade.php
> git show :resources/views/residente/create.blade.php
> git show :resources/views/reportes/invindex.blade.php
> git show :resources/views/residente/index.blade.php
> git show :resources/views/reportes/invindex.blade.php
> git show :routes/web.php
> git show :app/Http/Controllers/InvitationController.php
> git show :app/Http/Controllers/CasaController.php
> git show :app/Http/Controllers/UserResidenteController.php
> git show :app/Http/Controllers/InvitationController.php
> git show :app/Http/Controllers/InvitadoController.php
> git show :app/Http/Controllers/HomeController.php
> git show :app/Http/Controllers/InvitadoController.php
> git show :app/Http/Controllers/InvitationController.php
> git show :resources/views/reportes/invindex.blade.php
> git show :resources/views/residente/create.blade.php
> git show :resources/views/residente/edit.blade.php
> git show :resources/views/residente/index.blade.php
> git show :resources/views/reportes/invindex.blade.php
> git show :resources/views/residente/index.blade.php
> git show :resources/views/reportes/invindex.blade.php
> git show :app/Http/Controllers/InvitationController.php
> git show :app/Http/Controllers/CasaController.php
> git show :app/Http/Controllers/InvitationController.php
> git show :resources/views/reportes/invindex.blade.php
> git show :app/Http/Controllers/InvitationController.php
> git show :resources/views/reportes/invindex.blade.php
> git show :app/Http/Controllers/InvitationController.php
> git show :resources/views/layouts/app.blade.php
> git show :resources/views/reportes/invitationshow.blade.php
> git check-ignore -z --stdin
> git show :resources/views/reportes/invindex.blade.php
> git show :resources/views/reportes/invitationshow.blade.php
> git show :app/Http/Controllers/InvitationController.php
> git show :app/Invitation.php
> git show :resources/views/reportes/invitationshow.blade.php
> git show :app/Invitado.php
> git show :resources/views/reportes/invitationshow.blade.php
> git show :routes/web.php
> git show :app/Http/Controllers/InvitationController.php
> git show :app/Http/Controllers/CasaController.php
> git show :app/Http/Controllers/InvitationController.php
> git show :routes/web.php
> git show :resources/views/reportes/invindex.blade.php
> git show :routes/web.php
> git show :resources/views/reportes/invitationshow.blade.php
> git show :resources/views/reportes/invindex.blade.php
> git show :resources/views/reportes/invitationshow.blade.php
> git show :resources/views/reportes/invindex.blade.php
> git show :resources/views/reportes/invitationshow.blade.php
> git show :resources/views/reportes/invindex.blade.php
> git show :app/Http/Controllers/InvitationController.php
> git show :routes/web.php
